<?xml version="1.0" encoding="UTF-8"?>
<testng-results ignored="0" total="1" passed="1" failed="0" skipped="0">
  <reporter-output>
  </reporter-output>
  <suite started-at="2023-06-12T18:15:49 IST" name="Default suite" finished-at="2023-06-12T18:16:14 IST" duration-ms="25251">
    <groups>
    </groups>
    <test started-at="2023-06-12T18:15:49 IST" name="Default test" finished-at="2023-06-12T18:16:14 IST" duration-ms="25251">
      <class name="com.crm.qa.testcases.LoginPageTest">
        <test-method signature="initialization()[pri:0, instance:com.crm.qa.testcases.LoginPageTest@223191a6]" started-at="2023-06-12T18:15:49 IST" name="initialization" finished-at="2023-06-12T18:16:14 IST" duration-ms="25139" status="PASS">
          <reporter-output>
          </reporter-output>
        </test-method> <!-- initialization -->
      </class> <!-- com.crm.qa.testcases.LoginPageTest -->
    </test> <!-- Default test -->
  </suite> <!-- Default suite -->
</testng-results>
